<?xml version="1.0" encoding="UTF-8"?>
<!-- Generated by org.testng.reporters.JUnitReportReporter -->
<testsuite hostname="harathi" failures="0" tests="1" name="testscripts.SendContactDetailsTest" time="11.701" errors="0" timestamp="2023-05-25T11:58:09 IST" skipped="0">
  <testcase classname="testscripts.SendContactDetailsTest" name="sendContactDetailsTest" time="11.701"/>
  <system-out/>
</testsuite> <!-- testscripts.SendContactDetailsTest -->
