<?xml version="1.0" encoding="UTF-8"?>
<!-- Generated by org.testng.reporters.JUnitReportReporter -->
<testsuite hostname="harathi" failures="0" tests="1" name="testscripts.AddTestingCourseToMyCartTest" time="12.835" errors="0" timestamp="2023-05-25T11:57:44 IST" skipped="0">
  <testcase classname="testscripts.AddTestingCourseToMyCartTest" name="addPythonToMyCart" time="12.835"/>
  <system-out/>
</testsuite> <!-- testscripts.AddTestingCourseToMyCartTest -->
