<?xml version="1.0" encoding="UTF-8"?>
<!-- Generated by org.testng.reporters.JUnitReportReporter -->
<testsuite hostname="harathi" failures="0" tests="1" name="testscripts.AddToCartTest" time="12.261" errors="0" timestamp="2023-05-25T11:51:42 IST" skipped="0">
  <testcase classname="testscripts.AddToCartTest" name="addToCartTest" time="12.261"/>
  <system-out/>
</testsuite> <!-- testscripts.AddToCartTest -->
